TN:
SF:src/GodToken.sol
FN:25,GodToken.mint
FNDA:5,GodToken.mint
DA:26,5
FN:33,GodToken.updateAdmin
FNDA:1,GodToken.updateAdmin
DA:34,1
BRDA:34,0,0,-
BRDA:34,0,1,1
DA:36,1
DA:37,1
FN:45,GodToken._spendAllowance
FNDA:7,GodToken._spendAllowance
DA:46,7
BRDA:46,1,0,6
BRDA:46,1,1,6
DA:47,7
DA:50,6
DA:52,6
BRDA:52,2,0,1
BRDA:52,2,1,5
DA:53,6
BRDA:53,3,0,1
BRDA:53,3,1,5
DA:55,5
FNF:3
FNH:3
LF:10
LH:10
BRF:8
BRH:7
end_of_record
TN:
SF:src/LinearBondingCurveToken.sol
FN:30,LinearBondingCurveToken.mint
FNDA:8,LinearBondingCurveToken.mint
DA:31,8
BRDA:31,0,0,1
BRDA:31,0,1,7
DA:32,7
BRDA:32,1,0,-
BRDA:32,1,1,7
DA:33,7
DA:34,7
BRDA:34,2,0,2
BRDA:34,2,1,5
DA:35,5
DA:37,5
FN:43,LinearBondingCurveToken.burn
FNDA:3,LinearBondingCurveToken.burn
DA:44,3
BRDA:44,3,0,-
BRDA:44,3,1,3
DA:45,3
BRDA:45,4,0,1
BRDA:45,4,1,2
DA:47,2
DA:48,2
DA:50,2
DA:51,2
FN:58,LinearBondingCurveToken.burnFrom
FNDA:1,LinearBondingCurveToken.burnFrom
DA:59,1
BRDA:59,5,0,-
BRDA:59,5,1,1
DA:61,1
DA:62,1
DA:63,1
DA:65,1
DA:66,1
FN:69,LinearBondingCurveToken.calculatePayment
FNDA:10,LinearBondingCurveToken.calculatePayment
DA:70,10
DA:71,10
DA:72,10
FNF:4
FNH:4
LF:21
LH:21
BRF:12
BRH:9
end_of_record
TN:
SF:src/SanctionToken.sol
FN:35,SanctionToken.updateAdmin
FNDA:1,SanctionToken.updateAdmin
DA:36,1
BRDA:36,0,0,-
BRDA:36,0,1,1
DA:38,1
DA:39,1
FN:46,SanctionToken.mint
FNDA:11,SanctionToken.mint
DA:47,11
FN:54,SanctionToken.sanction
FNDA:2,SanctionToken.sanction
DA:55,2
BRDA:55,1,0,-
BRDA:55,1,1,2
DA:57,2
DA:58,2
FN:65,SanctionToken.unsanction
FNDA:1,SanctionToken.unsanction
DA:66,1
BRDA:66,2,0,-
BRDA:66,2,1,1
DA:68,1
DA:69,1
FN:73,SanctionToken._beforeTokenTransfer
FNDA:23,SanctionToken._beforeTokenTransfer
DA:74,23
BRDA:74,3,0,1
BRDA:74,3,1,22
DA:75,1
DA:77,22
BRDA:77,4,0,1
BRDA:77,4,1,21
DA:78,1
FNF:5
FNH:5
LF:14
LH:14
BRF:10
BRH:7
end_of_record
TN:
SF:src/UntrustedEscrow.sol
FN:37,UntrustedEscrow.getAllTimelocks
FNDA:3,UntrustedEscrow.getAllTimelocks
DA:38,3
FN:47,UntrustedEscrow.deposit
FNDA:10,UntrustedEscrow.deposit
DA:48,10
BRDA:48,0,0,-
BRDA:48,0,1,10
DA:49,10
BRDA:49,1,0,-
BRDA:49,1,1,10
DA:50,10
BRDA:50,2,0,-
BRDA:50,2,1,10
DA:51,10
BRDA:51,3,0,-
BRDA:51,3,1,10
DA:53,10
DA:55,10
DA:57,10
DA:58,10
FN:62,UntrustedEscrow.getAllTimeLocks
FNDA:0,UntrustedEscrow.getAllTimeLocks
DA:63,0
FN:68,UntrustedEscrow.withdrawFor
FNDA:3,UntrustedEscrow.withdrawFor
DA:69,3
DA:70,3
BRDA:70,4,0,1
BRDA:70,4,1,2
DA:72,2
FN:78,UntrustedEscrow.withdraw
FNDA:1,UntrustedEscrow.withdraw
DA:79,1
BRDA:79,5,0,-
BRDA:79,5,1,1
DA:81,1
FN:86,UntrustedEscrow.withdrawAll
FNDA:4,UntrustedEscrow.withdrawAll
DA:87,4
DA:88,4
DA:90,4
DA:91,4
DA:92,9
DA:93,7
DA:94,7
BRDA:94,6,0,-
BRDA:94,6,1,5
DA:95,5
DA:100,2
DA:104,4
FNF:6
FNH:5
LF:25
LH:24
BRF:14
BRH:8
end_of_record
